e:\working\taskesy\taskesy\taskesy\taskesy\x64\release\vc143.pdb
e:\working\taskesy\taskesy\taskesy\taskesy\x64\release\platformwindowsutils.obj
e:\working\taskesy\taskesy\taskesy\taskesy\x64\release\main.obj
e:\working\taskesy\taskesy\taskesy\taskesy\x64\release\dataserializer.obj
e:\working\taskesy\taskesy\taskesy\taskesy\x64\release\imgui_impl_vulkan.obj
e:\working\taskesy\taskesy\taskesy\taskesy\x64\release\imgui_impl_glfw.obj
e:\working\taskesy\taskesy\taskesy\taskesy\x64\release\imgui_widgets.obj
e:\working\taskesy\taskesy\taskesy\taskesy\x64\release\imgui_tables.obj
e:\working\taskesy\taskesy\taskesy\taskesy\x64\release\imgui_draw.obj
e:\working\taskesy\taskesy\taskesy\taskesy\x64\release\imgui_demo.obj
e:\working\taskesy\taskesy\taskesy\taskesy\x64\release\imgui.obj
e:\working\taskesy\taskesy\taskesy\x64\release\taskesy.exe
e:\working\taskesy\taskesy\taskesy\x64\release\taskesy.pdb
e:\working\taskesy\taskesy\taskesy\taskesy\x64\release\resource.res
e:\working\taskesy\taskesy\taskesy\taskesy\x64\release\taskesy.ipdb
e:\working\taskesy\taskesy\taskesy\taskesy\x64\release\taskesy.iobj
e:\working\taskesy\taskesy\taskesy\taskesy\x64\release\taskesy.tlog\cl.command.1.tlog
e:\working\taskesy\taskesy\taskesy\taskesy\x64\release\taskesy.tlog\cl.items.tlog
e:\working\taskesy\taskesy\taskesy\taskesy\x64\release\taskesy.tlog\cl.read.1.tlog
e:\working\taskesy\taskesy\taskesy\taskesy\x64\release\taskesy.tlog\cl.write.1.tlog
e:\working\taskesy\taskesy\taskesy\taskesy\x64\release\taskesy.tlog\link.command.1.tlog
e:\working\taskesy\taskesy\taskesy\taskesy\x64\release\taskesy.tlog\link.read.1.tlog
e:\working\taskesy\taskesy\taskesy\taskesy\x64\release\taskesy.tlog\link.secondary.1.tlog
e:\working\taskesy\taskesy\taskesy\taskesy\x64\release\taskesy.tlog\link.write.1.tlog
e:\working\taskesy\taskesy\taskesy\taskesy\x64\release\taskesy.tlog\rc.command.1.tlog
e:\working\taskesy\taskesy\taskesy\taskesy\x64\release\taskesy.tlog\rc.read.1.tlog
e:\working\taskesy\taskesy\taskesy\taskesy\x64\release\taskesy.tlog\rc.write.1.tlog
