e:\working\taskesy\taskesy\taskesy\x64\debug\vc143.pdb
e:\working\taskesy\taskesy\taskesy\x64\debug\vc143.idb
e:\working\taskesy\taskesy\taskesy\x64\debug\main.obj
e:\working\taskesy\taskesy\taskesy\x64\debug\imgui_impl_vulkan.obj
e:\working\taskesy\taskesy\taskesy\x64\debug\imgui_impl_glfw.obj
e:\working\taskesy\taskesy\taskesy\x64\debug\imgui_widgets.obj
e:\working\taskesy\taskesy\taskesy\x64\debug\imgui_tables.obj
e:\working\taskesy\taskesy\taskesy\x64\debug\imgui_draw.obj
e:\working\taskesy\taskesy\taskesy\x64\debug\imgui_demo.obj
e:\working\taskesy\taskesy\taskesy\x64\debug\imgui.obj
e:\working\taskesy\taskesy\x64\debug\taskesy.exe
e:\working\taskesy\taskesy\x64\debug\taskesy.pdb
e:\working\taskesy\taskesy\taskesy\x64\debug\resource.res
e:\working\taskesy\taskesy\taskesy\x64\debug\taskesy.ilk
e:\working\taskesy\taskesy\taskesy\x64\debug\taskesy.tlog\cl.command.1.tlog
e:\working\taskesy\taskesy\taskesy\x64\debug\taskesy.tlog\cl.items.tlog
e:\working\taskesy\taskesy\taskesy\x64\debug\taskesy.tlog\cl.read.1.tlog
e:\working\taskesy\taskesy\taskesy\x64\debug\taskesy.tlog\cl.write.1.tlog
e:\working\taskesy\taskesy\taskesy\x64\debug\taskesy.tlog\link.command.1.tlog
e:\working\taskesy\taskesy\taskesy\x64\debug\taskesy.tlog\link.read.1.tlog
e:\working\taskesy\taskesy\taskesy\x64\debug\taskesy.tlog\link.secondary.1.tlog
e:\working\taskesy\taskesy\taskesy\x64\debug\taskesy.tlog\link.write.1.tlog
e:\working\taskesy\taskesy\taskesy\x64\debug\taskesy.tlog\rc.command.1.tlog
e:\working\taskesy\taskesy\taskesy\x64\debug\taskesy.tlog\rc.read.1.tlog
e:\working\taskesy\taskesy\taskesy\x64\debug\taskesy.tlog\rc.write.1.tlog
