  imgui.cpp
C:\Program Files (x86)\Windows Kits\10\Include\10.0.22621.0\shared\minwindef.h(130,9): warning C4005: 'APIENTRY': redefinición de macro
  (compilando archivo de origen "../../externals/ImGui/imgui.cpp")
      E:\WORKING\Taskesy\Taskesy\externals\GLFW\include\GLFW\glfw3.h(123,11):
      vea la definición anterior de “APIENTRY”
  
  imgui_demo.cpp
E:\WORKING\Taskesy\Taskesy\externals\ImGui\imgui_demo.cpp(381,18): warning C4244: 'inicializando': conversión de 'double' a 'int'; posible pérdida de datos
E:\WORKING\Taskesy\Taskesy\externals\ImGui\imgui_demo.cpp(382,18): warning C4244: 'inicializando': conversión de 'float' a 'int'; posible pérdida de datos
E:\WORKING\Taskesy\Taskesy\externals\ImGui\imgui_demo.cpp(418,47): warning C4267: 'argumento': conversión de 'size_t' a 'int'; posible pérdida de datos
E:\WORKING\Taskesy\Taskesy\externals\ImGui\imgui_demo.cpp(468,35): warning C4267: 'argumento': conversión de 'size_t' a 'int'; posible pérdida de datos
E:\WORKING\Taskesy\Taskesy\externals\ImGui\imgui_demo.cpp(469,62): warning C4244: 'argumento': conversión de 'int' a 'float'; posible pérdida de datos
E:\WORKING\Taskesy\Taskesy\externals\ImGui\imgui_demo.cpp(469,52): warning C4244: 'argumento': conversión de 'int' a 'float'; posible pérdida de datos
E:\WORKING\Taskesy\Taskesy\externals\ImGui\imgui_demo.cpp(475,44): warning C4267: '=': conversión de 'size_t' a 'int'; posible pérdida de datos
E:\WORKING\Taskesy\Taskesy\externals\ImGui\imgui_demo.cpp(8702,18): warning C4267: 'inicializando': conversión de 'size_t' a 'int'; posible pérdida de datos
E:\WORKING\Taskesy\Taskesy\externals\ImGui\imgui_demo.cpp(8704,25): warning C4267: 'inicializando': conversión de 'size_t' a 'int'; posible pérdida de datos
  imgui_draw.cpp
  imgui_tables.cpp
  imgui_widgets.cpp
  imgui_impl_glfw.cpp
  imgui_impl_vulkan.cpp
  main.cpp
  PlatformWindowsUtils.cpp
C:\Program Files (x86)\Windows Kits\10\Include\10.0.22621.0\shared\minwindef.h(130,9): warning C4005: 'APIENTRY': redefinición de macro
  (compilando archivo de origen "Utils/PlatformWindowsUtils.cpp")
      E:\WORKING\Taskesy\Taskesy\externals\GLFW\include\GLFW\glfw3.h(123,11):
      vea la definición anterior de “APIENTRY”
  
  Generando código...
LINK : warning LNK4098: la biblioteca predeterminada'MSVCRT' entra en conflicto con otras bibliotecas; use la biblioteca /NODEFAULTLIB:biblioteca
  Taskesy.vcxproj -> E:\WORKING\Taskesy\Taskesy\Taskesy\x64\Debug\Taskesy.exe
